<?xml version="1.0" encoding="UTF-8"?>
<!-- Generated by org.testng.reporters.JUnitReportReporter -->
<testsuite skipped="0" hostname="DESKTOP-HBF7D93" name="com.qa.test.DemoTest" tests="5" failures="0" timestamp="21 Feb 2019 19:03:07 GMT" time="0.038" errors="0">
  <testcase name="add" time="0.004" classname="com.qa.test.DemoTest"/>
  <testcase name="div" time="0.018" classname="com.qa.test.DemoTest"/>
  <testcase name="mod" time="0.004" classname="com.qa.test.DemoTest"/>
  <testcase name="sub" time="0.003" classname="com.qa.test.DemoTest"/>
  <testcase name="mul" time="0.009" classname="com.qa.test.DemoTest"/>
</testsuite> <!-- com.qa.test.DemoTest -->
