<?xml version="1.0" encoding="UTF-8"?>
<!-- Generated by org.testng.reporters.JUnitReportReporter -->
<testsuite skipped="0" hostname="DESKTOP-HBF7D93" name="com.qa.test.DemoTest2" tests="5" failures="0" timestamp="21 Feb 2019 19:03:07 GMT" time="0.027" errors="0">
  <testcase name="sub" time="0.001" classname="com.qa.test.DemoTest2"/>
  <testcase name="mul" time="0.002" classname="com.qa.test.DemoTest2"/>
  <testcase name="add" time="0.019" classname="com.qa.test.DemoTest2"/>
  <testcase name="mod" time="0.002" classname="com.qa.test.DemoTest2"/>
  <testcase name="div" time="0.003" classname="com.qa.test.DemoTest2"/>
</testsuite> <!-- com.qa.test.DemoTest2 -->
